<?xml version="1.0" encoding="UTF-8"?>
<testsuite xmlns:xsi="http://www.w3.org/2001/XMLSchema-instance" xsi:noNamespaceSchemaLocation="https://maven.apache.org/surefire/maven-surefire-plugin/xsd/surefire-test-report.xsd" name="TestSuite" time="26.11" tests="2" errors="0" skipped="0" failures="1">
  <properties>
    <property name="sun.desktop" value="windows"/>
    <property name="awt.toolkit" value="sun.awt.windows.WToolkit"/>
    <property name="file.encoding.pkg" value="sun.io"/>
    <property name="java.specification.version" value="1.8"/>
    <property name="sun.cpu.isalist" value="amd64"/>
    <property name="sun.jnu.encoding" value="Cp1252"/>
    <property name="java.class.path" value="F:\seleniumworkspaces\RestASSUREDAPI\CucumberAPITestingFramework\target\test-classes;F:\seleniumworkspaces\RestASSUREDAPI\CucumberAPITestingFramework\target\classes;C:\Users\WAY2AUTOMATION\.m2\repository\io\rest-assured\rest-assured\4.1.2\rest-assured-4.1.2.jar;C:\Users\WAY2AUTOMATION\.m2\repository\org\codehaus\groovy\groovy\2.5.8\groovy-2.5.8.jar;C:\Users\WAY2AUTOMATION\.m2\repository\org\codehaus\groovy\groovy-xml\2.5.8\groovy-xml-2.5.8.jar;C:\Users\WAY2AUTOMATION\.m2\repository\org\apache\httpcomponents\httpclient\4.5.3\httpclient-4.5.3.jar;C:\Users\WAY2AUTOMATION\.m2\repository\org\apache\httpcomponents\httpcore\4.4.6\httpcore-4.4.6.jar;C:\Users\WAY2AUTOMATION\.m2\repository\commons-logging\commons-logging\1.2\commons-logging-1.2.jar;C:\Users\WAY2AUTOMATION\.m2\repository\commons-codec\commons-codec\1.9\commons-codec-1.9.jar;C:\Users\WAY2AUTOMATION\.m2\repository\org\apache\httpcomponents\httpmime\4.5.3\httpmime-4.5.3.jar;C:\Users\WAY2AUTOMATION\.m2\repository\org\hamcrest\hamcrest\2.1\hamcrest-2.1.jar;C:\Users\WAY2AUTOMATION\.m2\repository\org\ccil\cowan\tagsoup\tagsoup\1.2.1\tagsoup-1.2.1.jar;C:\Users\WAY2AUTOMATION\.m2\repository\io\rest-assured\json-path\4.1.2\json-path-4.1.2.jar;C:\Users\WAY2AUTOMATION\.m2\repository\org\codehaus\groovy\groovy-json\2.5.8\groovy-json-2.5.8.jar;C:\Users\WAY2AUTOMATION\.m2\repository\io\rest-assured\rest-assured-common\4.1.2\rest-assured-common-4.1.2.jar;C:\Users\WAY2AUTOMATION\.m2\repository\io\rest-assured\xml-path\4.1.2\xml-path-4.1.2.jar;C:\Users\WAY2AUTOMATION\.m2\repository\org\apache\commons\commons-lang3\3.4\commons-lang3-3.4.jar;C:\Users\WAY2AUTOMATION\.m2\repository\javax\xml\bind\jaxb-api\2.3.1\jaxb-api-2.3.1.jar;C:\Users\WAY2AUTOMATION\.m2\repository\javax\activation\javax.activation-api\1.2.0\javax.activation-api-1.2.0.jar;C:\Users\WAY2AUTOMATION\.m2\repository\com\sun\xml\bind\jaxb-osgi\2.3.0.1\jaxb-osgi-2.3.0.1.jar;C:\Users\WAY2AUTOMATION\.m2\repository\org\apache\sling\org.apache.sling.javax.activation\0.1.0\org.apache.sling.javax.activation-0.1.0.jar;C:\Users\WAY2AUTOMATION\.m2\repository\javax\mail\mail\1.4.7\mail-1.4.7.jar;C:\Users\WAY2AUTOMATION\.m2\repository\javax\activation\activation\1.1\activation-1.1.jar;C:\Users\WAY2AUTOMATION\.m2\repository\org\testng\testng\6.14.3\testng-6.14.3.jar;C:\Users\WAY2AUTOMATION\.m2\repository\com\beust\jcommander\1.72\jcommander-1.72.jar;C:\Users\WAY2AUTOMATION\.m2\repository\org\apache-extras\beanshell\bsh\2.0b6\bsh-2.0b6.jar;C:\Users\WAY2AUTOMATION\.m2\repository\org\json\json\20190722\json-20190722.jar;C:\Users\WAY2AUTOMATION\.m2\repository\com\fasterxml\jackson\core\jackson-databind\2.10.0\jackson-databind-2.10.0.jar;C:\Users\WAY2AUTOMATION\.m2\repository\com\fasterxml\jackson\core\jackson-annotations\2.10.0\jackson-annotations-2.10.0.jar;C:\Users\WAY2AUTOMATION\.m2\repository\com\fasterxml\jackson\core\jackson-core\2.10.0\jackson-core-2.10.0.jar;C:\Users\WAY2AUTOMATION\.m2\repository\com\aventstack\extentreports\4.0.9\extentreports-4.0.9.jar;C:\Users\WAY2AUTOMATION\.m2\repository\org\freemarker\freemarker\2.3.23\freemarker-2.3.23.jar;C:\Users\WAY2AUTOMATION\.m2\repository\org\mongodb\mongodb-driver\3.3.0\mongodb-driver-3.3.0.jar;C:\Users\WAY2AUTOMATION\.m2\repository\org\mongodb\mongodb-driver-core\3.3.0\mongodb-driver-core-3.3.0.jar;C:\Users\WAY2AUTOMATION\.m2\repository\org\mongodb\bson\3.3.0\bson-3.3.0.jar;C:\Users\WAY2AUTOMATION\.m2\repository\com\google\code\gson\gson\2.8.5\gson-2.8.5.jar;C:\Users\WAY2AUTOMATION\.m2\repository\com\aventstack\extentreports-cucumber4-adapter\1.0.8\extentreports-cucumber4-adapter-1.0.8.jar;C:\Users\WAY2AUTOMATION\.m2\repository\io\cucumber\cucumber-java\4.7.4\cucumber-java-4.7.4.jar;C:\Users\WAY2AUTOMATION\.m2\repository\io\cucumber\cucumber-java8\4.8.0\cucumber-java8-4.8.0.jar;C:\Users\WAY2AUTOMATION\.m2\repository\org\apiguardian\apiguardian-api\1.1.0\apiguardian-api-1.1.0.jar;C:\Users\WAY2AUTOMATION\.m2\repository\net\jodah\typetools\0.5.0\typetools-0.5.0.jar;C:\Users\WAY2AUTOMATION\.m2\repository\io\cucumber\cucumber-testng\4.8.0\cucumber-testng-4.8.0.jar;C:\Users\WAY2AUTOMATION\.m2\repository\io\cucumber\cucumber-core\4.8.0\cucumber-core-4.8.0.jar;C:\Users\WAY2AUTOMATION\.m2\repository\io\cucumber\gherkin\5.1.0\gherkin-5.1.0.jar;C:\Users\WAY2AUTOMATION\.m2\repository\io\cucumber\tag-expressions\1.1.1\tag-expressions-1.1.1.jar;C:\Users\WAY2AUTOMATION\.m2\repository\io\cucumber\cucumber-expressions\7.0.2\cucumber-expressions-7.0.2.jar;C:\Users\WAY2AUTOMATION\.m2\repository\io\cucumber\datatable\1.1.14\datatable-1.1.14.jar;C:\Users\WAY2AUTOMATION\.m2\repository\io\cucumber\datatable-dependencies\1.1.14\datatable-dependencies-1.1.14.jar;C:\Users\WAY2AUTOMATION\.m2\repository\org\apache\maven\surefire\surefire-testng-utils\2.22.0\surefire-testng-utils-2.22.0.jar;C:\Users\WAY2AUTOMATION\.m2\repository\org\apache\maven\surefire\surefire-grouper\2.22.0\surefire-grouper-2.22.0.jar;"/>
    <property name="java.vm.vendor" value="Oracle Corporation"/>
    <property name="sun.arch.data.model" value="64"/>
    <property name="user.variant" value=""/>
    <property name="java.vendor.url" value="http://java.oracle.com/"/>
    <property name="user.timezone" value="Asia/Calcutta"/>
    <property name="java.vm.specification.version" value="1.8"/>
    <property name="os.name" value="Windows 10"/>
    <property name="user.country" value="US"/>
    <property name="sun.java.launcher" value="SUN_STANDARD"/>
    <property name="sun.boot.library.path" value="C:\Program Files\Java\jdk1.8.0_171\jre\bin"/>
    <property name="sun.java.command" value="C:\Users\WAY2AU~1\AppData\Local\Temp\surefire8815537843514251093\surefirebooter9079682836196480824.jar C:\Users\WAY2AUTOMATION\AppData\Local\Temp\surefire8815537843514251093 2020-01-27T21-59-09_119-jvmRun1 surefire7794661449674038915tmp surefire_03688507963141665363tmp"/>
    <property name="surefire.test.class.path" value="F:\seleniumworkspaces\RestASSUREDAPI\CucumberAPITestingFramework\target\test-classes;F:\seleniumworkspaces\RestASSUREDAPI\CucumberAPITestingFramework\target\classes;C:\Users\WAY2AUTOMATION\.m2\repository\io\rest-assured\rest-assured\4.1.2\rest-assured-4.1.2.jar;C:\Users\WAY2AUTOMATION\.m2\repository\org\codehaus\groovy\groovy\2.5.8\groovy-2.5.8.jar;C:\Users\WAY2AUTOMATION\.m2\repository\org\codehaus\groovy\groovy-xml\2.5.8\groovy-xml-2.5.8.jar;C:\Users\WAY2AUTOMATION\.m2\repository\org\apache\httpcomponents\httpclient\4.5.3\httpclient-4.5.3.jar;C:\Users\WAY2AUTOMATION\.m2\repository\org\apache\httpcomponents\httpcore\4.4.6\httpcore-4.4.6.jar;C:\Users\WAY2AUTOMATION\.m2\repository\commons-logging\commons-logging\1.2\commons-logging-1.2.jar;C:\Users\WAY2AUTOMATION\.m2\repository\commons-codec\commons-codec\1.9\commons-codec-1.9.jar;C:\Users\WAY2AUTOMATION\.m2\repository\org\apache\httpcomponents\httpmime\4.5.3\httpmime-4.5.3.jar;C:\Users\WAY2AUTOMATION\.m2\repository\org\hamcrest\hamcrest\2.1\hamcrest-2.1.jar;C:\Users\WAY2AUTOMATION\.m2\repository\org\ccil\cowan\tagsoup\tagsoup\1.2.1\tagsoup-1.2.1.jar;C:\Users\WAY2AUTOMATION\.m2\repository\io\rest-assured\json-path\4.1.2\json-path-4.1.2.jar;C:\Users\WAY2AUTOMATION\.m2\repository\org\codehaus\groovy\groovy-json\2.5.8\groovy-json-2.5.8.jar;C:\Users\WAY2AUTOMATION\.m2\repository\io\rest-assured\rest-assured-common\4.1.2\rest-assured-common-4.1.2.jar;C:\Users\WAY2AUTOMATION\.m2\repository\io\rest-assured\xml-path\4.1.2\xml-path-4.1.2.jar;C:\Users\WAY2AUTOMATION\.m2\repository\org\apache\commons\commons-lang3\3.4\commons-lang3-3.4.jar;C:\Users\WAY2AUTOMATION\.m2\repository\javax\xml\bind\jaxb-api\2.3.1\jaxb-api-2.3.1.jar;C:\Users\WAY2AUTOMATION\.m2\repository\javax\activation\javax.activation-api\1.2.0\javax.activation-api-1.2.0.jar;C:\Users\WAY2AUTOMATION\.m2\repository\com\sun\xml\bind\jaxb-osgi\2.3.0.1\jaxb-osgi-2.3.0.1.jar;C:\Users\WAY2AUTOMATION\.m2\repository\org\apache\sling\org.apache.sling.javax.activation\0.1.0\org.apache.sling.javax.activation-0.1.0.jar;C:\Users\WAY2AUTOMATION\.m2\repository\javax\mail\mail\1.4.7\mail-1.4.7.jar;C:\Users\WAY2AUTOMATION\.m2\repository\javax\activation\activation\1.1\activation-1.1.jar;C:\Users\WAY2AUTOMATION\.m2\repository\org\testng\testng\6.14.3\testng-6.14.3.jar;C:\Users\WAY2AUTOMATION\.m2\repository\com\beust\jcommander\1.72\jcommander-1.72.jar;C:\Users\WAY2AUTOMATION\.m2\repository\org\apache-extras\beanshell\bsh\2.0b6\bsh-2.0b6.jar;C:\Users\WAY2AUTOMATION\.m2\repository\org\json\json\20190722\json-20190722.jar;C:\Users\WAY2AUTOMATION\.m2\repository\com\fasterxml\jackson\core\jackson-databind\2.10.0\jackson-databind-2.10.0.jar;C:\Users\WAY2AUTOMATION\.m2\repository\com\fasterxml\jackson\core\jackson-annotations\2.10.0\jackson-annotations-2.10.0.jar;C:\Users\WAY2AUTOMATION\.m2\repository\com\fasterxml\jackson\core\jackson-core\2.10.0\jackson-core-2.10.0.jar;C:\Users\WAY2AUTOMATION\.m2\repository\com\aventstack\extentreports\4.0.9\extentreports-4.0.9.jar;C:\Users\WAY2AUTOMATION\.m2\repository\org\freemarker\freemarker\2.3.23\freemarker-2.3.23.jar;C:\Users\WAY2AUTOMATION\.m2\repository\org\mongodb\mongodb-driver\3.3.0\mongodb-driver-3.3.0.jar;C:\Users\WAY2AUTOMATION\.m2\repository\org\mongodb\mongodb-driver-core\3.3.0\mongodb-driver-core-3.3.0.jar;C:\Users\WAY2AUTOMATION\.m2\repository\org\mongodb\bson\3.3.0\bson-3.3.0.jar;C:\Users\WAY2AUTOMATION\.m2\repository\com\google\code\gson\gson\2.8.5\gson-2.8.5.jar;C:\Users\WAY2AUTOMATION\.m2\repository\com\aventstack\extentreports-cucumber4-adapter\1.0.8\extentreports-cucumber4-adapter-1.0.8.jar;C:\Users\WAY2AUTOMATION\.m2\repository\io\cucumber\cucumber-java\4.7.4\cucumber-java-4.7.4.jar;C:\Users\WAY2AUTOMATION\.m2\repository\io\cucumber\cucumber-java8\4.8.0\cucumber-java8-4.8.0.jar;C:\Users\WAY2AUTOMATION\.m2\repository\org\apiguardian\apiguardian-api\1.1.0\apiguardian-api-1.1.0.jar;C:\Users\WAY2AUTOMATION\.m2\repository\net\jodah\typetools\0.5.0\typetools-0.5.0.jar;C:\Users\WAY2AUTOMATION\.m2\repository\io\cucumber\cucumber-testng\4.8.0\cucumber-testng-4.8.0.jar;C:\Users\WAY2AUTOMATION\.m2\repository\io\cucumber\cucumber-core\4.8.0\cucumber-core-4.8.0.jar;C:\Users\WAY2AUTOMATION\.m2\repository\io\cucumber\gherkin\5.1.0\gherkin-5.1.0.jar;C:\Users\WAY2AUTOMATION\.m2\repository\io\cucumber\tag-expressions\1.1.1\tag-expressions-1.1.1.jar;C:\Users\WAY2AUTOMATION\.m2\repository\io\cucumber\cucumber-expressions\7.0.2\cucumber-expressions-7.0.2.jar;C:\Users\WAY2AUTOMATION\.m2\repository\io\cucumber\datatable\1.1.14\datatable-1.1.14.jar;C:\Users\WAY2AUTOMATION\.m2\repository\io\cucumber\datatable-dependencies\1.1.14\datatable-dependencies-1.1.14.jar;C:\Users\WAY2AUTOMATION\.m2\repository\org\apache\maven\surefire\surefire-testng-utils\2.22.0\surefire-testng-utils-2.22.0.jar;C:\Users\WAY2AUTOMATION\.m2\repository\org\apache\maven\surefire\surefire-grouper\2.22.0\surefire-grouper-2.22.0.jar;"/>
    <property name="sun.cpu.endian" value="little"/>
    <property name="user.home" value="C:\Users\WAY2AUTOMATION"/>
    <property name="user.language" value="en"/>
    <property name="java.specification.vendor" value="Oracle Corporation"/>
    <property name="java.home" value="C:\Program Files\Java\jdk1.8.0_171\jre"/>
    <property name="basedir" value="F:\seleniumworkspaces\RestASSUREDAPI\CucumberAPITestingFramework"/>
    <property name="file.separator" value="\"/>
    <property name="line.separator" value="&#10;"/>
    <property name="java.vm.specification.vendor" value="Oracle Corporation"/>
    <property name="java.specification.name" value="Java Platform API Specification"/>
    <property name="java.awt.graphicsenv" value="sun.awt.Win32GraphicsEnvironment"/>
    <property name="surefire.real.class.path" value="C:\Users\WAY2AU~1\AppData\Local\Temp\surefire8815537843514251093\surefirebooter9079682836196480824.jar"/>
    <property name="sun.boot.class.path" value="C:\Program Files\Java\jdk1.8.0_171\jre\lib\resources.jar;C:\Program Files\Java\jdk1.8.0_171\jre\lib\rt.jar;C:\Program Files\Java\jdk1.8.0_171\jre\lib\sunrsasign.jar;C:\Program Files\Java\jdk1.8.0_171\jre\lib\jsse.jar;C:\Program Files\Java\jdk1.8.0_171\jre\lib\jce.jar;C:\Program Files\Java\jdk1.8.0_171\jre\lib\charsets.jar;C:\Program Files\Java\jdk1.8.0_171\jre\lib\jfr.jar;C:\Program Files\Java\jdk1.8.0_171\jre\classes"/>
    <property name="user.script" value=""/>
    <property name="sun.management.compiler" value="HotSpot 64-Bit Tiered Compilers"/>
    <property name="java.runtime.version" value="1.8.0_171-b11"/>
    <property name="user.name" value="WAY2AUTOMATION"/>
    <property name="path.separator" value=";"/>
    <property name="os.version" value="10.0"/>
    <property name="java.endorsed.dirs" value="C:\Program Files\Java\jdk1.8.0_171\jre\lib\endorsed"/>
    <property name="java.runtime.name" value="Java(TM) SE Runtime Environment"/>
    <property name="file.encoding" value="Cp1252"/>
    <property name="java.vm.name" value="Java HotSpot(TM) 64-Bit Server VM"/>
    <property name="localRepository" value="C:\Users\WAY2AUTOMATION\.m2\repository"/>
    <property name="java.vendor.url.bug" value="http://bugreport.sun.com/bugreport/"/>
    <property name="java.io.tmpdir" value="C:\Users\WAY2AU~1\AppData\Local\Temp\"/>
    <property name="java.version" value="1.8.0_171"/>
    <property name="user.dir" value="F:\seleniumworkspaces\RestASSUREDAPI\CucumberAPITestingFramework"/>
    <property name="os.arch" value="amd64"/>
    <property name="java.vm.specification.name" value="Java Virtual Machine Specification"/>
    <property name="java.awt.printerjob" value="sun.awt.windows.WPrinterJob"/>
    <property name="sun.os.patch.level" value=""/>
    <property name="java.library.path" value="C:\Program Files\Java\jdk1.8.0_171\jre\bin;C:\WINDOWS\Sun\Java\bin;C:\WINDOWS\system32;C:\WINDOWS;C:/Program Files/Java/jre1.8.0_171/bin/server;C:/Program Files/Java/jre1.8.0_171/bin;C:/Program Files/Java/jre1.8.0_171/lib/amd64;C:\Program Files (x86)\Common Files\Intel\Shared Files\cpp\bin\Intel64;C:\Program Files (x86)\Common Files\Oracle\Java\javapath;C:\Program Files (x86)\Intel\iCLS Client\;C:\Program Files\Intel\iCLS Client\;C:\WINDOWS\system32;C:\WINDOWS;C:\WINDOWS\System32\Wbem;C:\WINDOWS\System32\WindowsPowerShell\v1.0\;c:\Program Files (x86)\ATI Technologies\ATI.ACE\Core-Static;C:\Program Files\Intel\WiFi\bin\;C:\Program Files\Common Files\Intel\WirelessCommon\;C:\Program Files\Java\jdk1.8.0_171\bin;F:\selenium-prerequisite\apache-maven-3.0.5-bin\apache-maven-3.0.5\bin;C:\Program Files\nodejs\;C:\WINDOWS\System32\OpenSSH\;C:\Program Files\Microsoft VS Code\bin;C:\Users\WAY2AUTOMATION\AppData\Local\Android\Sdk\tools;C:\Users\WAY2AUTOMATION\AppData\Local\Android\Sdk\platform-tools;C:\Program Files\Git\cmd;;C:\Program Files\Microsoft VS Code\bin;C:\Users\WAY2AUTOMATION\AppData\Roaming\npm;%USERPROFILE%\AppData\Local\Microsoft\WindowsApps;F:\selenium-prerequisite\eclipse\eclipse-jee-2018-09-win32-x86_64\eclipse;;."/>
    <property name="java.vm.info" value="mixed mode"/>
    <property name="java.vendor" value="Oracle Corporation"/>
    <property name="java.vm.version" value="25.171-b11"/>
    <property name="java.ext.dirs" value="C:\Program Files\Java\jdk1.8.0_171\jre\lib\ext;C:\WINDOWS\Sun\Java\lib\ext"/>
    <property name="sun.io.unicode.encoding" value="UnicodeLittle"/>
    <property name="java.class.version" value="52.0"/>
  </properties>
  <testcase name="runScenario" classname="com.w2a.APITestingFramework.cuke.runner.RunCuke" time="15.221"/>
  <testcase name="runScenario" classname="com.w2a.APITestingFramework.cuke.runner.RunCuke" time="8.551">
    <failure message="expected [300] but found [200]" type="java.lang.AssertionError">java.lang.AssertionError: expected [300] but found [200]
</failure>
    <system-out><![CDATA[Order id is : 5KW387932U618372V
]]></system-out>
  </testcase>
</testsuite>